<?xml version="1.0" encoding="UTF-8" ?>
<testsuite tests="7" failures="0" name="com.example.LionTest" time="0" errors="0" skipped="0">
  <properties>
[...]
</properties>
  <testcase classname="com.example.LionTest" name="getFoodTest" time="0"/>
  <testcase classname="com.example.LionTest" name="doesHaveManeFalse" time="0"/>
  <testcase classname="com.example.LionTest" name="hasManeLion" time="0"/>
  <testcase classname="com.example.LionTest" name="notValidSexLion" time="0"/>
  <testcase classname="com.example.LionTest" name="doesHaveManeTrue" time="0"/>
  <testcase classname="com.example.LionTest" name="notManeLion" time="0"/>
  <testcase classname="com.example.LionTest" name="getKittensLion" time="0"/>
</testsuite>